# JRE version: Java(TM) SE Runtime Environment (8.0_05-b13) (build 1.8.0_05-b13)
# Java VM: Java HotSpot(TM) 64-Bit Server VM (25.5-b02 mixed mode windows-amd64 compressed oops)
Heap:
 PSYoungGen      total 51712K, used 14986K [0x00000007bc400000, 0x00000007c0000000, 0x00000007c0000000)
  eden space 41984K, 34% used [0x00000007bc400000,0x00000007bd2212d8,0x00000007bed00000)
  from space 9728K, 5% used [0x00000007bed00000,0x00000007bed818a8,0x00000007bf680000)
  to   space 9216K, 0% used [0x00000007bf700000,0x00000007bf700000,0x00000007c0000000)
 ParOldGen       total 148480K, used 53897K [0x0000000700000000, 0x0000000709100000, 0x00000007bc400000)
  object space 148480K, 36% used [0x0000000700000000,0x00000007034a2428,0x0000000709100000)
 Metaspace       used 57875K, capacity 58291K, committed 58752K, reserved 1099776K
  class space    used 8370K, capacity 8450K, committed 8576K, reserved 1048576K
GC Heap History (10 events):
Event: 998.402 GC heap before
{Heap before GC invocations=374 (full 28):
 PSYoungGen      total 50688K, used 7313K [0x00000007bc400000, 0x00000007c0000000, 0x00000007c0000000)
  eden space 40448K, 16% used [0x00000007bc400000,0x00000007bca61d98,0x00000007beb80000)
  from space 10240K, 7% used [0x00000007beb80000,0x00000007bec42900,0x00000007bf580000)
  to   space 9216K, 0% used [0x00000007bf700000,0x00000007bf700000,0x00000007c0000000)
 ParOldGen       total 148480K, used 82371K [0x0000000700000000, 0x0000000709100000, 0x00000007bc400000)
  object space 148480K, 55% used [0x0000000700000000,0x0000000705070d20,0x0000000709100000)
 Metaspace       used 57736K, capacity 58131K, committed 58624K, reserved 1099776K
  class space    used 8340K, capacity 8418K, committed 8448K, reserved 1048576K
Event: 998.405 GC heap after
Heap after GC invocations=374 (full 28):
 PSYoungGen      total 52736K, used 903K [0x00000007bc400000, 0x00000007c0000000, 0x00000007c0000000)
  eden space 43520K, 0% used [0x00000007bc400000,0x00000007bc400000,0x00000007bee80000)
  from space 9216K, 9% used [0x00000007bf700000,0x00000007bf7e1d70,0x00000007c0000000)
  to   space 8704K, 0% used [0x00000007bee80000,0x00000007bee80000,0x00000007bf700000)
 ParOldGen       total 148480K, used 82371K [0x0000000700000000, 0x0000000709100000, 0x00000007bc400000)
  object space 148480K, 55% used [0x0000000700000000,0x0000000705070d20,0x0000000709100000)
 Metaspace       used 57736K, capacity 58131K, committed 58624K, reserved 1099776K
  class space    used 8340K, capacity 8418K, committed 8448K, reserved 1048576K
}
Event: 1005.366 GC heap before
{Heap before GC invocations=375 (full 28):
 PSYoungGen      total 52736K, used 44423K [0x00000007bc400000, 0x00000007c0000000, 0x00000007c0000000)
  eden space 43520K, 100% used [0x00000007bc400000,0x00000007bee80000,0x00000007bee80000)
  from space 9216K, 9% used [0x00000007bf700000,0x00000007bf7e1d70,0x00000007c0000000)
  to   space 8704K, 0% used [0x00000007bee80000,0x00000007bee80000,0x00000007bf700000)
 ParOldGen       total 148480K, used 82371K [0x0000000700000000, 0x0000000709100000, 0x00000007bc400000)
  object space 148480K, 55% used [0x0000000700000000,0x0000000705070d20,0x0000000709100000)
 Metaspace       used 57739K, capacity 58131K, committed 58624K, reserved 1099776K
  class space    used 8340K, capacity 8418K, committed 8448K, reserved 1048576K
Event: 1005.368 GC heap after
Heap after GC invocations=375 (full 28):
 PSYoungGen      total 52224K, used 2002K [0x00000007bc400000, 0x00000007c0000000, 0x00000007c0000000)
  eden space 43520K, 0% used [0x00000007bc400000,0x00000007bc400000,0x00000007bee80000)
  from space 8704K, 23% used [0x00000007bee80000,0x00000007bf074bc8,0x00000007bf700000)
  to   space 8192K, 0% used [0x00000007bf800000,0x00000007bf800000,0x00000007c0000000)
 ParOldGen       total 148480K, used 82371K [0x0000000700000000, 0x0000000709100000, 0x00000007bc400000)
  object space 148480K, 55% used [0x0000000700000000,0x0000000705070d20,0x0000000709100000)
 Metaspace       used 57739K, capacity 58131K, committed 58624K, reserved 1099776K
  class space    used 8340K, capacity 8418K, committed 8448K, reserved 1048576K
}
Event: 1005.388 GC heap before
{Heap before GC invocations=376 (full 28):
 PSYoungGen      total 52224K, used 8803K [0x00000007bc400000, 0x00000007c0000000, 0x00000007c0000000)
  eden space 43520K, 15% used [0x00000007bc400000,0x00000007bcaa4170,0x00000007bee80000)
  from space 8704K, 23% used [0x00000007bee80000,0x00000007bf074bc8,0x00000007bf700000)
  to   space 8192K, 0% used [0x00000007bf800000,0x00000007bf800000,0x00000007c0000000)
 ParOldGen       total 148480K, used 82371K [0x0000000700000000, 0x0000000709100000, 0x00000007bc400000)
  object space 148480K, 55% used [0x0000000700000000,0x0000000705070d20,0x0000000709100000)
 Metaspace       used 57739K, capacity 58131K, committed 58624K, reserved 1099776K
  class space    used 8340K, capacity 8418K, committed 8448K, reserved 1048576K
Event: 1005.392 GC heap after
Heap after GC invocations=376 (full 28):
 PSYoungGen      total 50176K, used 7740K [0x00000007bc400000, 0x00000007c0000000, 0x00000007c0000000)
  eden space 41984K, 0% used [0x00000007bc400000,0x00000007bc400000,0x00000007bed00000)
  from space 8192K, 94% used [0x00000007bf800000,0x00000007bff8f2f8,0x00000007c0000000)
  to   space 9728K, 0% used [0x00000007bed00000,0x00000007bed00000,0x00000007bf680000)
 ParOldGen       total 148480K, used 85518K [0x0000000700000000, 0x0000000709100000, 0x00000007bc400000)
  object space 148480K, 57% used [0x0000000700000000,0x0000000705383ad0,0x0000000709100000)
 Metaspace       used 57739K, capacity 58131K, committed 58624K, reserved 1099776K
  class space    used 8340K, capacity 8418K, committed 8448K, reserved 1048576K
}
Event: 1005.392 GC heap before
{Heap before GC invocations=377 (full 29):
 PSYoungGen      total 50176K, used 7740K [0x00000007bc400000, 0x00000007c0000000, 0x00000007c0000000)
  eden space 41984K, 0% used [0x00000007bc400000,0x00000007bc400000,0x00000007bed00000)
  from space 8192K, 94% used [0x00000007bf800000,0x00000007bff8f2f8,0x00000007c0000000)
  to   space 9728K, 0% used [0x00000007bed00000,0x00000007bed00000,0x00000007bf680000)
 ParOldGen       total 148480K, used 85518K [0x0000000700000000, 0x0000000709100000, 0x00000007bc400000)
  object space 148480K, 57% used [0x0000000700000000,0x0000000705383ad0,0x0000000709100000)
 Metaspace       used 57739K, capacity 58131K, committed 58624K, reserved 1099776K
  class space    used 8340K, capacity 8418K, committed 8448K, reserved 1048576K
Event: 1005.536 GC heap after
Heap after GC invocations=377 (full 29):
 PSYoungGen      total 50176K, used 0K [0x00000007bc400000, 0x00000007c0000000, 0x00000007c0000000)
  eden space 41984K, 0% used [0x00000007bc400000,0x00000007bc400000,0x00000007bed00000)
  from space 8192K, 0% used [0x00000007bf800000,0x00000007bf800000,0x00000007c0000000)
  to   space 9728K, 0% used [0x00000007bed00000,0x00000007bed00000,0x00000007bf680000)
 ParOldGen       total 148480K, used 53897K [0x0000000700000000, 0x0000000709100000, 0x00000007bc400000)
  object space 148480K, 36% used [0x0000000700000000,0x00000007034a2428,0x0000000709100000)
 Metaspace       used 57739K, capacity 58131K, committed 58624K, reserved 1099776K
  class space    used 8340K, capacity 8418K, committed 8448K, reserved 1048576K
}
Event: 1005.850 GC heap before
{Heap before GC invocations=378 (full 29):
 PSYoungGen      total 50176K, used 41984K [0x00000007bc400000, 0x00000007c0000000, 0x00000007c0000000)
  eden space 41984K, 100% used [0x00000007bc400000,0x00000007bed00000,0x00000007bed00000)
  from space 8192K, 0% used [0x00000007bf800000,0x00000007bf800000,0x00000007c0000000)
  to   space 9728K, 0% used [0x00000007bed00000,0x00000007bed00000,0x00000007bf680000)
 ParOldGen       total 148480K, used 53897K [0x0000000700000000, 0x0000000709100000, 0x00000007bc400000)
  object space 148480K, 36% used [0x0000000700000000,0x00000007034a2428,0x0000000709100000)
 Metaspace       used 57743K, capacity 58195K, committed 58624K, reserved 1099776K
  class space    used 8341K, capacity 8418K, committed 8448K, reserved 1048576K
Event: 1005.853 GC heap after
Heap after GC invocations=378 (full 29):
 PSYoungGen      total 51712K, used 518K [0x00000007bc400000, 0x00000007c0000000, 0x00000007c0000000)
  eden space 41984K, 0% used [0x00000007bc400000,0x00000007bc400000,0x00000007bed00000)
  from space 9728K, 5% used [0x00000007bed00000,0x00000007bed818a8,0x00000007bf680000)
  to   space 9216K, 0% used [0x00000007bf700000,0x00000007bf700000,0x00000007c0000000)
 ParOldGen       total 148480K, used 53897K [0x0000000700000000, 0x0000000709100000, 0x00000007bc400000)
  object space 148480K, 36% used [0x0000000700000000,0x00000007034a2428,0x0000000709100000)
 Metaspace       used 57743K, capacity 58195K, committed 58624K, reserved 1099776K
  class space    used 8341K, capacity 8418K, committed 8448K, reserved 1048576K
}

