# JRE version: Java(TM) SE Runtime Environment (8.0_05-b13) (build 1.8.0_05-b13)
# Java VM: Java HotSpot(TM) 64-Bit Server VM (25.5-b02 mixed mode windows-amd64 compressed oops)
Heap:
 PSYoungGen      total 54272K, used 26951K [0x00000007bc400000, 0x00000007c0000000, 0x00000007c0000000)
  eden space 47104K, 53% used [0x00000007bc400000,0x00000007bdca90f8,0x00000007bf200000)
  from space 7168K, 23% used [0x00000007bf900000,0x00000007bfaa8d18,0x00000007c0000000)
  to   space 7168K, 0% used [0x00000007bf200000,0x00000007bf200000,0x00000007bf900000)
 ParOldGen       total 141824K, used 103151K [0x0000000700000000, 0x0000000708a80000, 0x00000007bc400000)
  object space 141824K, 72% used [0x0000000700000000,0x00000007064bbc28,0x0000000708a80000)
 Metaspace       used 67951K, capacity 68443K, committed 68776K, reserved 1107968K
  class space    used 10026K, capacity 10132K, committed 10152K, reserved 1048576K
GC Heap History (10 events):
Event: 3018.316 GC heap before
{Heap before GC invocations=681 (full 73):
 PSYoungGen      total 53760K, used 49604K [0x00000007bc400000, 0x00000007c0000000, 0x00000007c0000000)
  eden space 46080K, 100% used [0x00000007bc400000,0x00000007bf100000,0x00000007bf100000)
  from space 7680K, 45% used [0x00000007bf100000,0x00000007bf471018,0x00000007bf880000)
  to   space 7168K, 0% used [0x00000007bf900000,0x00000007bf900000,0x00000007c0000000)
 ParOldGen       total 141824K, used 101086K [0x0000000700000000, 0x0000000708a80000, 0x00000007bc400000)
  object space 141824K, 71% used [0x0000000700000000,0x00000007062b7ae8,0x0000000708a80000)
 Metaspace       used 67951K, capacity 68443K, committed 68776K, reserved 1107968K
  class space    used 10026K, capacity 10132K, committed 10152K, reserved 1048576K
Event: 3018.321 GC heap after
Heap after GC invocations=681 (full 73):
 PSYoungGen      total 54272K, used 3461K [0x00000007bc400000, 0x00000007c0000000, 0x00000007c0000000)
  eden space 47104K, 0% used [0x00000007bc400000,0x00000007bc400000,0x00000007bf200000)
  from space 7168K, 48% used [0x00000007bf900000,0x00000007bfc615f0,0x00000007c0000000)
  to   space 7168K, 0% used [0x00000007bf200000,0x00000007bf200000,0x00000007bf900000)
 ParOldGen       total 141824K, used 101222K [0x0000000700000000, 0x0000000708a80000, 0x00000007bc400000)
  object space 141824K, 71% used [0x0000000700000000,0x00000007062d9ae8,0x0000000708a80000)
 Metaspace       used 67951K, capacity 68443K, committed 68776K, reserved 1107968K
  class space    used 10026K, capacity 10132K, committed 10152K, reserved 1048576K
}
Event: 3019.101 GC heap before
{Heap before GC invocations=682 (full 73):
 PSYoungGen      total 54272K, used 50565K [0x00000007bc400000, 0x00000007c0000000, 0x00000007c0000000)
  eden space 47104K, 100% used [0x00000007bc400000,0x00000007bf200000,0x00000007bf200000)
  from space 7168K, 48% used [0x00000007bf900000,0x00000007bfc615f0,0x00000007c0000000)
  to   space 7168K, 0% used [0x00000007bf200000,0x00000007bf200000,0x00000007bf900000)
 ParOldGen       total 141824K, used 101222K [0x0000000700000000, 0x0000000708a80000, 0x00000007bc400000)
  object space 141824K, 71% used [0x0000000700000000,0x00000007062d9ae8,0x0000000708a80000)
 Metaspace       used 67951K, capacity 68443K, committed 68776K, reserved 1107968K
  class space    used 10026K, capacity 10132K, committed 10152K, reserved 1048576K
Event: 3019.108 GC heap after
Heap after GC invocations=682 (full 73):
 PSYoungGen      total 54272K, used 3364K [0x00000007bc400000, 0x00000007c0000000, 0x00000007c0000000)
  eden space 47104K, 0% used [0x00000007bc400000,0x00000007bc400000,0x00000007bf200000)
  from space 7168K, 46% used [0x00000007bf200000,0x00000007bf549018,0x00000007bf900000)
  to   space 7168K, 0% used [0x00000007bf900000,0x00000007bf900000,0x00000007c0000000)
 ParOldGen       total 141824K, used 101294K [0x0000000700000000, 0x0000000708a80000, 0x00000007bc400000)
  object space 141824K, 71% used [0x0000000700000000,0x00000007062ebae8,0x0000000708a80000)
 Metaspace       used 67951K, capacity 68443K, committed 68776K, reserved 1107968K
  class space    used 10026K, capacity 10132K, committed 10152K, reserved 1048576K
}
Event: 3019.721 GC heap before
{Heap before GC invocations=683 (full 73):
 PSYoungGen      total 54272K, used 50468K [0x00000007bc400000, 0x00000007c0000000, 0x00000007c0000000)
  eden space 47104K, 100% used [0x00000007bc400000,0x00000007bf200000,0x00000007bf200000)
  from space 7168K, 46% used [0x00000007bf200000,0x00000007bf549018,0x00000007bf900000)
  to   space 7168K, 0% used [0x00000007bf900000,0x00000007bf900000,0x00000007c0000000)
 ParOldGen       total 141824K, used 101294K [0x0000000700000000, 0x0000000708a80000, 0x00000007bc400000)
  object space 141824K, 71% used [0x0000000700000000,0x00000007062ebae8,0x0000000708a80000)
 Metaspace       used 67951K, capacity 68443K, committed 68776K, reserved 1107968K
  class space    used 10026K, capacity 10132K, committed 10152K, reserved 1048576K
Event: 3019.727 GC heap after
Heap after GC invocations=683 (full 73):
 PSYoungGen      total 54272K, used 3285K [0x00000007bc400000, 0x00000007c0000000, 0x00000007c0000000)
  eden space 47104K, 0% used [0x00000007bc400000,0x00000007bc400000,0x00000007bf200000)
  from space 7168K, 45% used [0x00000007bf900000,0x00000007bfc356f0,0x00000007c0000000)
  to   space 7168K, 0% used [0x00000007bf200000,0x00000007bf200000,0x00000007bf900000)
 ParOldGen       total 141824K, used 101414K [0x0000000700000000, 0x0000000708a80000, 0x00000007bc400000)
  object space 141824K, 71% used [0x0000000700000000,0x0000000706309ae8,0x0000000708a80000)
 Metaspace       used 67951K, capacity 68443K, committed 68776K, reserved 1107968K
  class space    used 10026K, capacity 10132K, committed 10152K, reserved 1048576K
}
Event: 3019.964 GC heap before
{Heap before GC invocations=684 (full 73):
 PSYoungGen      total 54272K, used 50389K [0x00000007bc400000, 0x00000007c0000000, 0x00000007c0000000)
  eden space 47104K, 100% used [0x00000007bc400000,0x00000007bf200000,0x00000007bf200000)
  from space 7168K, 45% used [0x00000007bf900000,0x00000007bfc356f0,0x00000007c0000000)
  to   space 7168K, 0% used [0x00000007bf200000,0x00000007bf200000,0x00000007bf900000)
 ParOldGen       total 141824K, used 101414K [0x0000000700000000, 0x0000000708a80000, 0x00000007bc400000)
  object space 141824K, 71% used [0x0000000700000000,0x0000000706309ae8,0x0000000708a80000)
 Metaspace       used 67951K, capacity 68443K, committed 68776K, reserved 1107968K
  class space    used 10026K, capacity 10132K, committed 10152K, reserved 1048576K
Event: 3019.967 GC heap after
Heap after GC invocations=684 (full 73):
 PSYoungGen      total 54272K, used 1621K [0x00000007bc400000, 0x00000007c0000000, 0x00000007c0000000)
  eden space 47104K, 0% used [0x00000007bc400000,0x00000007bc400000,0x00000007bf200000)
  from space 7168K, 22% used [0x00000007bf200000,0x00000007bf3956f0,0x00000007bf900000)
  to   space 7168K, 0% used [0x00000007bf900000,0x00000007bf900000,0x00000007c0000000)
 ParOldGen       total 141824K, used 103063K [0x0000000700000000, 0x0000000708a80000, 0x00000007bc400000)
  object space 141824K, 72% used [0x0000000700000000,0x00000007064a5c28,0x0000000708a80000)
 Metaspace       used 67951K, capacity 68443K, committed 68776K, reserved 1107968K
  class space    used 10026K, capacity 10132K, committed 10152K, reserved 1048576K
}
Event: 3020.634 GC heap before
{Heap before GC invocations=685 (full 73):
 PSYoungGen      total 54272K, used 48725K [0x00000007bc400000, 0x00000007c0000000, 0x00000007c0000000)
  eden space 47104K, 100% used [0x00000007bc400000,0x00000007bf200000,0x00000007bf200000)
  from space 7168K, 22% used [0x00000007bf200000,0x00000007bf3956f0,0x00000007bf900000)
  to   space 7168K, 0% used [0x00000007bf900000,0x00000007bf900000,0x00000007c0000000)
 ParOldGen       total 141824K, used 103063K [0x0000000700000000, 0x0000000708a80000, 0x00000007bc400000)
  object space 141824K, 72% used [0x0000000700000000,0x00000007064a5c28,0x0000000708a80000)
 Metaspace       used 67951K, capacity 68443K, committed 68776K, reserved 1107968K
  class space    used 10026K, capacity 10132K, committed 10152K, reserved 1048576K
Event: 3020.638 GC heap after
Heap after GC invocations=685 (full 73):
 PSYoungGen      total 54272K, used 1699K [0x00000007bc400000, 0x00000007c0000000, 0x00000007c0000000)
  eden space 47104K, 0% used [0x00000007bc400000,0x00000007bc400000,0x00000007bf200000)
  from space 7168K, 23% used [0x00000007bf900000,0x00000007bfaa8d18,0x00000007c0000000)
  to   space 7168K, 0% used [0x00000007bf200000,0x00000007bf200000,0x00000007bf900000)
 ParOldGen       total 141824K, used 103151K [0x0000000700000000, 0x0000000708a80000, 0x00000007bc400000)
  object space 141824K, 72% used [0x0000000700000000,0x00000007064bbc28,0x0000000708a80000)
 Metaspace       used 67951K, capacity 68443K, committed 68776K, reserved 1107968K
  class space    used 10026K, capacity 10132K, committed 10152K, reserved 1048576K
}

